2017/06/19 14:46:16 にビルドを開始しました。
     1>ノード 2 上のプロジェクト "C:\Users\doiken\Documents\Visual Studio 2013\Projects\NMOEAD\NMOEAD.vcxproj" (Build ターゲット)。
     1>ClCompile:
         C:\Program Files (x86)\Microsoft Visual Studio 12.0\VC\bin\CL.exe /c /I"C:\Eigen\eigen-eigen-67e894c6cd8f" /ZI /nologo /W3 /WX- /sdl /Od /Oy- /D _MBCS /Gm /EHsc /RTC1 /MT /GS /fp:precise /Zc:wchar_t /Zc:forScope /Fo"Debug\\" /Fd"Debug\vc120.pdb" /Gd /TP /analyze- /errorReport:prompt mainsubsp.cpp
         mainsubsp.cpp
     1>c:\users\doiken\documents\visual studio 2013\projects\nmoead\wfg.h(578): warning C4018: '<' : signed と unsigned の数値を比較しようとしました。
     1>c:\users\doiken\documents\visual studio 2013\projects\nmoead\wfg.h(1742): warning C4244: '+=' : 'double' から 'int' への変換です。データが失われる可能性があります。
       Link:
         C:\Program Files (x86)\Microsoft Visual Studio 12.0\VC\bin\link.exe /ERRORREPORT:PROMPT /OUT:"C:\Users\doiken\Documents\Visual Studio 2013\Projects\NMOEAD\Debug\NMOEAD.exe" /INCREMENTAL /NOLOGO kernel32.lib user32.lib gdi32.lib winspool.lib comdlg32.lib advapi32.lib shell32.lib ole32.lib oleaut32.lib uuid.lib odbc32.lib odbccp32.lib /MANIFEST /MANIFESTUAC:"level='asInvoker' uiAccess='false'" /manifest:embed /DEBUG /PDB:"C:\Users\doiken\Documents\Visual Studio 2013\Projects\NMOEAD\Debug\NMOEAD.pdb" /SUBSYSTEM:CONSOLE /LARGEADDRESSAWARE /TLBID:1 /DYNAMICBASE /NXCOMPAT /IMPLIB:"C:\Users\doiken\Documents\Visual Studio 2013\Projects\NMOEAD\Debug\NMOEAD.lib" /MACHINE:X86 Debug\mainsubsp.obj
         Debug\moead.obj
         Debug\MT.obj
         Debug\ExampleProblems.obj
         Debug\ExampleShapes.obj
         Debug\ExampleTransitions.obj
         Debug\FrameworkFunctions.obj
         Debug\Misc.obj
         Debug\ShapeFunctions.obj
         Debug\TransFunctions.obj
         NMOEAD.vcxproj -> C:\Users\doiken\Documents\Visual Studio 2013\Projects\NMOEAD\Debug\NMOEAD.exe
     1>プロジェクト "C:\Users\doiken\Documents\Visual Studio 2013\Projects\NMOEAD\NMOEAD.vcxproj" (Build ターゲット) のビルドが完了しました。

ビルドに成功しました。

経過時間 00:00:01.11
