2017/06/14 11:48:21 にビルドを開始しました。
     1>ノード 2 上のプロジェクト "C:\Users\doiken\Documents\Visual Studio 2013\Projects\NMOEAD\NMOEAD.vcxproj" (Build ターゲット)。
     1>ClCompile:
         C:\Program Files (x86)\Microsoft Visual Studio 12.0\VC\bin\CL.exe /c /I"C:\Eigen\eigen-eigen-67e894c6cd8f" /Zi /nologo /W3 /WX- /sdl /O2 /Oi /Oy- /GL /D _MBCS /Gm- /EHsc /MT /GS /Gy /fp:precise /Zc:wchar_t /Zc:forScope /Fo"Release\\" /Fd"Release\vc120.pdb" /Gd /TP /analyze- /errorReport:prompt mainsubsp.cpp
         mainsubsp.cpp
     1>c:\users\doiken\documents\visual studio 2013\projects\nmoead\wfg.h(578): warning C4018: '<' : signed と unsigned の数値を比較しようとしました。
     1>c:\users\doiken\documents\visual studio 2013\projects\nmoead\wfg.h(1742): warning C4244: '+=' : 'double' から 'int' への変換です。データが失われる可能性があります。
       Link:
         C:\Program Files (x86)\Microsoft Visual Studio 12.0\VC\bin\link.exe /ERRORREPORT:PROMPT /OUT:"C:\Users\doiken\Documents\Visual Studio 2013\Projects\NMOEAD\Release\NMOEAD.exe" /NOLOGO kernel32.lib user32.lib gdi32.lib winspool.lib comdlg32.lib advapi32.lib shell32.lib ole32.lib oleaut32.lib uuid.lib odbc32.lib odbccp32.lib /MANIFEST /MANIFESTUAC:"level='asInvoker' uiAccess='false'" /manifest:embed /DEBUG /PDB:"C:\Users\doiken\Documents\Visual Studio 2013\Projects\NMOEAD\Release\NMOEAD.pdb" /LARGEADDRESSAWARE /OPT:REF /OPT:ICF /LTCG /TLBID:1 /DYNAMICBASE /NXCOMPAT /IMPLIB:"C:\Users\doiken\Documents\Visual Studio 2013\Projects\NMOEAD\Release\NMOEAD.lib" /MACHINE:X86 /SAFESEH Release\mainsubsp.obj
         Release\moead.obj
         Release\MT.obj
         Release\ExampleProblems.obj
         Release\ExampleShapes.obj
         Release\ExampleTransitions.obj
         Release\FrameworkFunctions.obj
         Release\Misc.obj
         Release\ShapeFunctions.obj
         Release\TransFunctions.obj
         コード生成しています。
         コード生成が終了しました。
         NMOEAD.vcxproj -> C:\Users\doiken\Documents\Visual Studio 2013\Projects\NMOEAD\Release\NMOEAD.exe
     1>プロジェクト "C:\Users\doiken\Documents\Visual Studio 2013\Projects\NMOEAD\NMOEAD.vcxproj" (Build ターゲット) のビルドが完了しました。

ビルドに成功しました。

経過時間 00:00:06.14
